<?xml version="1.0" encoding="UTF-8"?>
<!-- Generated by org.testng.reporters.JUnitReportReporter -->
<testsuite hostname="Bhavyasree" failures="0" tests="1" name="Abstraction.Testng" time="0.010" errors="0" timestamp="2024-02-04T16:52:06 EST" skipped="0">
  <testcase classname="Abstraction.Testng" name="methodname" time="0.010"/>
  <system-out/>
</testsuite> <!-- Abstraction.Testng -->
